2024-06-04 20:19:08,334 INFO  [Log] **************************************************************************************** 
2024-06-04 20:19:08,334 INFO  [Log] **************************************************************************************** 
2024-06-04 20:19:08,338 INFO  [Log] $$$$$$$$$$$$$$$$$$$$$                 My first test case for login       $$$$$$$$$$$$$$$$$$$$$$$$$ 
2024-06-04 20:19:08,338 INFO  [Log] **************************************************************************************** 
2024-06-04 20:19:08,338 INFO  [Log] **************************************************************************************** 
2024-06-04 20:19:08,338 INFO  [Log] username has been entered 
2024-06-04 20:19:08,589 INFO  [Log] password has been entered 
2024-06-04 20:19:08,590 WARN  [Log] This might not load the page 
2024-06-04 20:27:58,318 INFO  [Log] **************************************************************************************** 
2024-06-04 20:27:58,319 INFO  [Log] **************************************************************************************** 
2024-06-04 20:27:58,319 INFO  [Log] $$$$$$$$$$$$$$$$$$$$$                 My first test case for login       $$$$$$$$$$$$$$$$$$$$$$$$$ 
2024-06-04 20:27:58,321 INFO  [Log] **************************************************************************************** 
2024-06-04 20:27:58,321 INFO  [Log] **************************************************************************************** 
2024-06-04 20:27:58,321 INFO  [Log] username has been entered 
2024-06-04 20:27:58,557 INFO  [Log] password has been entered 
2024-06-04 20:27:58,557 WARN  [Log] This might not load the page 
2024-06-04 20:51:47,810 INFO  [Log] **************************************************************************************** 
2024-06-04 20:51:47,812 INFO  [Log] **************************************************************************************** 
2024-06-04 20:51:47,813 INFO  [Log] $$$$$$$$$$$$$$$$$$$$$                 My first test case for login       $$$$$$$$$$$$$$$$$$$$$$$$$ 
2024-06-04 20:51:47,813 INFO  [Log] **************************************************************************************** 
2024-06-04 20:51:47,813 INFO  [Log] **************************************************************************************** 
2024-06-04 20:51:47,813 INFO  [Log] username has been entered 
2024-06-04 20:51:48,074 INFO  [Log] password has been entered 
2024-06-04 20:51:48,074 WARN  [Log] This might not load the page 
2024-06-04 20:58:42,952 INFO  [Log] **************************************************************************************** 
2024-06-04 20:58:42,952 INFO  [Log] **************************************************************************************** 
2024-06-04 20:58:42,952 INFO  [Log] $$$$$$$$$$$$$$$$$$$$$                 My first test case for login       $$$$$$$$$$$$$$$$$$$$$$$$$ 
2024-06-04 20:58:42,952 INFO  [Log] **************************************************************************************** 
2024-06-04 20:58:42,952 INFO  [Log] **************************************************************************************** 
2024-06-04 20:58:42,952 INFO  [Log] username has been entered 
2024-06-04 20:58:43,190 INFO  [Log] password has been entered 
2024-06-04 20:58:43,191 WARN  [Log] This might not load the page 
2024-07-14 11:18:41,130 INFO  [Log] **************************************************************************************** 
2024-07-14 11:18:41,130 INFO  [Log] **************************************************************************************** 
2024-07-14 11:18:41,130 INFO  [Log] $$$$$$$$$$$$$$$$$$$$$                 My first test case for login       $$$$$$$$$$$$$$$$$$$$$$$$$ 
2024-07-14 11:18:41,130 INFO  [Log] **************************************************************************************** 
2024-07-14 11:18:41,130 INFO  [Log] **************************************************************************************** 
2024-07-14 11:18:41,130 INFO  [Log] username has been entered 
2024-07-14 11:18:41,220 INFO  [Log] password has been entered 
2024-07-14 11:18:41,221 WARN  [Log] This might not load the page 
2024-07-14 11:23:46,674 INFO  [Log] **************************************************************************************** 
2024-07-14 11:23:46,674 INFO  [Log] **************************************************************************************** 
2024-07-14 11:23:46,674 INFO  [Log] $$$$$$$$$$$$$$$$$$$$$                 My first test case for login       $$$$$$$$$$$$$$$$$$$$$$$$$ 
2024-07-14 11:23:46,674 INFO  [Log] **************************************************************************************** 
2024-07-14 11:23:46,674 INFO  [Log] **************************************************************************************** 
2024-07-14 11:23:46,674 INFO  [Log] username has been entered 
2024-07-14 11:23:46,745 INFO  [Log] password has been entered 
2024-07-14 11:23:46,745 WARN  [Log] This might not load the page 
2024-07-14 11:59:36,888 INFO  [Log] **************************************************************************************** 
2024-07-14 11:59:36,888 INFO  [Log] **************************************************************************************** 
2024-07-14 11:59:36,888 INFO  [Log] $$$$$$$$$$$$$$$$$$$$$                 My first test case for login       $$$$$$$$$$$$$$$$$$$$$$$$$ 
2024-07-14 11:59:36,888 INFO  [Log] **************************************************************************************** 
2024-07-14 11:59:36,888 INFO  [Log] **************************************************************************************** 
2024-07-14 11:59:36,888 INFO  [Log] username has been entered 
2024-07-14 11:59:36,946 INFO  [Log] password has been entered 
2024-07-14 11:59:36,946 WARN  [Log] This might not load the page 
